app/build/intermediates/manifest_merge_blame_file/debug/manifest-merger-blame-debug-report.txt
1<?xml version="1.0" encoding="utf-8"?>
2<manifest xmlns:android="http://schemas.android.com/apk/res/android"
3    package="com.guardianlink"
4    android:versionCode="1"
5    android:versionName="1.0" >
6
7    <uses-sdk
8        android:minSdkVersion="24"
9        android:targetSdkVersion="34" />
10
11    <!-- Permissions -->
12    <uses-permission android:name="android.permission.ACCESS_FINE_LOCATION" />
12-->src\main\AndroidManifest.xml:4:5-78
12-->src\main\AndroidManifest.xml:4:22-76
13    <uses-permission android:name="android.permission.ACCESS_COARSE_LOCATION" />
13-->src\main\AndroidManifest.xml:5:5-80
13-->src\main\AndroidManifest.xml:5:22-78
14    <uses-permission android:name="android.permission.FOREGROUND_SERVICE" />
14-->src\main\AndroidManifest.xml:6:5-76
14-->src\main\AndroidManifest.xml:6:22-74
15    <uses-permission android:name="android.permission.FOREGROUND_SERVICE_LOCATION" />
15-->src\main\AndroidManifest.xml:7:5-85
15-->src\main\AndroidManifest.xml:7:22-83
16    <uses-permission android:name="android.permission.VIBRATE" />
16-->src\main\AndroidManifest.xml:8:5-65
16-->src\main\AndroidManifest.xml:8:22-63
17
18    <permission
18-->[androidx.core:core:1.9.0] AndroidManifest.xml:22:5-24:47
19        android:name="com.guardianlink.DYNAMIC_RECEIVER_NOT_EXPORTED_PERMISSION"
19-->[androidx.core:core:1.9.0] AndroidManifest.xml:23:9-81
20        android:protectionLevel="signature" />
20-->[androidx.core:core:1.9.0] AndroidManifest.xml:24:9-44
21
22    <uses-permission android:name="com.guardianlink.DYNAMIC_RECEIVER_NOT_EXPORTED_PERMISSION" />
22-->[androidx.core:core:1.9.0] AndroidManifest.xml:26:5-97
22-->[androidx.core:core:1.9.0] AndroidManifest.xml:26:22-94
23
24    <application
24-->src\main\AndroidManifest.xml:10:5-67:19
25        android:allowBackup="true"
25-->src\main\AndroidManifest.xml:11:9-35
26        android:appComponentFactory="androidx.core.app.CoreComponentFactory"
26-->[androidx.core:core:1.9.0] AndroidManifest.xml:28:18-86
27        android:debuggable="true"
28        android:extractNativeLibs="false"
29        android:icon="@mipmap/ic_launcher"
29-->src\main\AndroidManifest.xml:13:9-43
30        android:label="GuardianLink"
30-->src\main\AndroidManifest.xml:12:9-37
31        android:roundIcon="@mipmap/ic_launcher_round"
31-->src\main\AndroidManifest.xml:14:9-54
32        android:theme="@style/Theme.Material3.DayNight.NoActionBar" >
32-->src\main\AndroidManifest.xml:15:9-68
33
34        <!-- Main Activity -->
35        <activity
35-->src\main\AndroidManifest.xml:18:9-25:20
36            android:name="com.guardianlink.MainActivity"
36-->src\main\AndroidManifest.xml:19:13-41
37            android:exported="true" >
37-->src\main\AndroidManifest.xml:20:13-36
38            <intent-filter>
38-->src\main\AndroidManifest.xml:21:13-24:29
39                <action android:name="android.intent.action.MAIN" />
39-->src\main\AndroidManifest.xml:22:17-68
39-->src\main\AndroidManifest.xml:22:25-66
40
41                <category android:name="android.intent.category.LAUNCHER" />
41-->src\main\AndroidManifest.xml:23:17-76
41-->src\main\AndroidManifest.xml:23:27-74
42            </intent-filter>
43        </activity>
44        <activity
44-->src\main\AndroidManifest.xml:27:9-32:74
45            android:name="com.guardianlink.SOSActivity"
45-->src\main\AndroidManifest.xml:28:13-40
46            android:exported="false"
46-->src\main\AndroidManifest.xml:29:13-37
47            android:showOnLockScreen="true"
47-->src\main\AndroidManifest.xml:30:13-44
48            android:theme="@android:style/Theme.Translucent.NoTitleBar"
48-->src\main\AndroidManifest.xml:32:13-72
49            android:turnScreenOn="true" />
49-->src\main\AndroidManifest.xml:31:13-40
50
51        <!-- Foreground Service -->
52        <service
52-->src\main\AndroidManifest.xml:35:9-38:55
53            android:name="com.guardianlink.NotificationService"
53-->src\main\AndroidManifest.xml:36:13-48
54            android:exported="false"
54-->src\main\AndroidManifest.xml:37:13-37
55            android:foregroundServiceType="location" />
55-->src\main\AndroidManifest.xml:38:13-53
56
57        <!-- Quick Settings Tile -->
58        <service
58-->src\main\AndroidManifest.xml:41:9-48:19
59            android:name="com.guardianlink.SOSTileService"
59-->src\main\AndroidManifest.xml:42:13-43
60            android:exported="true"
60-->src\main\AndroidManifest.xml:44:13-36
61            android:permission="android.permission.BIND_QUICK_SETTINGS_TILE" >
61-->src\main\AndroidManifest.xml:43:13-77
62            <intent-filter>
62-->src\main\AndroidManifest.xml:45:13-47:29
63                <action android:name="android.service.quicksettings.action.QS_TILE" />
63-->src\main\AndroidManifest.xml:46:17-86
63-->src\main\AndroidManifest.xml:46:25-84
64            </intent-filter>
65        </service>
66
67        <receiver android:name="com.guardianlink.SOSReceiver" />
67-->src\main\AndroidManifest.xml:50:9-48
67-->src\main\AndroidManifest.xml:50:19-46
68
69        <!-- Widget -->
70        <receiver
70-->src\main\AndroidManifest.xml:53:9-63:20
71            android:name="com.guardianlink.SOSWidget"
71-->src\main\AndroidManifest.xml:54:13-38
72            android:exported="true" >
72-->src\main\AndroidManifest.xml:55:13-36
73            <intent-filter>
73-->src\main\AndroidManifest.xml:56:13-58:29
74                <action android:name="android.appwidget.action.APPWIDGET_UPDATE" />
74-->src\main\AndroidManifest.xml:57:17-83
74-->src\main\AndroidManifest.xml:57:25-81
75            </intent-filter>
76
77            <meta-data
77-->src\main\AndroidManifest.xml:60:13-62:54
78                android:name="android.appwidget.provider"
78-->src\main\AndroidManifest.xml:61:17-58
79                android:resource="@xml/widget_info" />
79-->src\main\AndroidManifest.xml:62:17-52
80        </receiver>
81
82        <activity
82-->[com.google.android.gms:play-services-base:18.1.0] AndroidManifest.xml:20:9-22:45
83            android:name="com.google.android.gms.common.api.GoogleApiActivity"
83-->[com.google.android.gms:play-services-base:18.1.0] AndroidManifest.xml:20:19-85
84            android:exported="false"
84-->[com.google.android.gms:play-services-base:18.1.0] AndroidManifest.xml:22:19-43
85            android:theme="@android:style/Theme.Translucent.NoTitleBar" />
85-->[com.google.android.gms:play-services-base:18.1.0] AndroidManifest.xml:21:19-78
86
87        <meta-data
87-->[com.google.android.gms:play-services-basement:18.1.0] AndroidManifest.xml:21:9-23:69
88            android:name="com.google.android.gms.version"
88-->[com.google.android.gms:play-services-basement:18.1.0] AndroidManifest.xml:22:13-58
89            android:value="@integer/google_play_services_version" />
89-->[com.google.android.gms:play-services-basement:18.1.0] AndroidManifest.xml:23:13-66
90
91        <provider
91-->[androidx.emoji2:emoji2:1.2.0] AndroidManifest.xml:24:9-32:20
92            android:name="androidx.startup.InitializationProvider"
92-->[androidx.emoji2:emoji2:1.2.0] AndroidManifest.xml:25:13-67
93            android:authorities="com.guardianlink.androidx-startup"
93-->[androidx.emoji2:emoji2:1.2.0] AndroidManifest.xml:26:13-68
94            android:exported="false" >
94-->[androidx.emoji2:emoji2:1.2.0] AndroidManifest.xml:27:13-37
95            <meta-data
95-->[androidx.emoji2:emoji2:1.2.0] AndroidManifest.xml:29:13-31:52
96                android:name="androidx.emoji2.text.EmojiCompatInitializer"
96-->[androidx.emoji2:emoji2:1.2.0] AndroidManifest.xml:30:17-75
97                android:value="androidx.startup" />
97-->[androidx.emoji2:emoji2:1.2.0] AndroidManifest.xml:31:17-49
98            <meta-data
98-->[androidx.lifecycle:lifecycle-process:2.6.1] AndroidManifest.xml:29:13-31:52
99                android:name="androidx.lifecycle.ProcessLifecycleInitializer"
99-->[androidx.lifecycle:lifecycle-process:2.6.1] AndroidManifest.xml:30:17-78
100                android:value="androidx.startup" />
100-->[androidx.lifecycle:lifecycle-process:2.6.1] AndroidManifest.xml:31:17-49
101            <meta-data
101-->[androidx.profileinstaller:profileinstaller:1.3.0] AndroidManifest.xml:29:13-31:52
102                android:name="androidx.profileinstaller.ProfileInstallerInitializer"
102-->[androidx.profileinstaller:profileinstaller:1.3.0] AndroidManifest.xml:30:17-85
103                android:value="androidx.startup" />
103-->[androidx.profileinstaller:profileinstaller:1.3.0] AndroidManifest.xml:31:17-49
104        </provider>
105
106        <receiver
106-->[androidx.profileinstaller:profileinstaller:1.3.0] AndroidManifest.xml:34:9-52:20
107            android:name="androidx.profileinstaller.ProfileInstallReceiver"
107-->[androidx.profileinstaller:profileinstaller:1.3.0] AndroidManifest.xml:35:13-76
108            android:directBootAware="false"
108-->[androidx.profileinstaller:profileinstaller:1.3.0] AndroidManifest.xml:36:13-44
109            android:enabled="true"
109-->[androidx.profileinstaller:profileinstaller:1.3.0] AndroidManifest.xml:37:13-35
110            android:exported="true"
110-->[androidx.profileinstaller:profileinstaller:1.3.0] AndroidManifest.xml:38:13-36
111            android:permission="android.permission.DUMP" >
111-->[androidx.profileinstaller:profileinstaller:1.3.0] AndroidManifest.xml:39:13-57
112            <intent-filter>
112-->[androidx.profileinstaller:profileinstaller:1.3.0] AndroidManifest.xml:40:13-42:29
113                <action android:name="androidx.profileinstaller.action.INSTALL_PROFILE" />
113-->[androidx.profileinstaller:profileinstaller:1.3.0] AndroidManifest.xml:41:17-91
113-->[androidx.profileinstaller:profileinstaller:1.3.0] AndroidManifest.xml:41:25-88
114            </intent-filter>
115            <intent-filter>
115-->[androidx.profileinstaller:profileinstaller:1.3.0] AndroidManifest.xml:43:13-45:29
116                <action android:name="androidx.profileinstaller.action.SKIP_FILE" />
116-->[androidx.profileinstaller:profileinstaller:1.3.0] AndroidManifest.xml:44:17-85
116-->[androidx.profileinstaller:profileinstaller:1.3.0] AndroidManifest.xml:44:25-82
117            </intent-filter>
118            <intent-filter>
118-->[androidx.profileinstaller:profileinstaller:1.3.0] AndroidManifest.xml:46:13-48:29
119                <action android:name="androidx.profileinstaller.action.SAVE_PROFILE" />
119-->[androidx.profileinstaller:profileinstaller:1.3.0] AndroidManifest.xml:47:17-88
119-->[androidx.profileinstaller:profileinstaller:1.3.0] AndroidManifest.xml:47:25-85
120            </intent-filter>
121            <intent-filter>
121-->[androidx.profileinstaller:profileinstaller:1.3.0] AndroidManifest.xml:49:13-51:29
122                <action android:name="androidx.profileinstaller.action.BENCHMARK_OPERATION" />
122-->[androidx.profileinstaller:profileinstaller:1.3.0] AndroidManifest.xml:50:17-95
122-->[androidx.profileinstaller:profileinstaller:1.3.0] AndroidManifest.xml:50:25-92
123            </intent-filter>
124        </receiver>
125    </application>
126
127</manifest>